mode: set
github.com/fazilnbr/project-workey/pkg/repository/admin.repo.go:16.78,33.2 4 0
github.com/fazilnbr/project-workey/pkg/repository/admin.repo.go:36.105,48.16 4 0
github.com/fazilnbr/project-workey/pkg/repository/admin.repo.go:52.2,56.18 3 0
github.com/fazilnbr/project-workey/pkg/repository/admin.repo.go:71.2,71.35 1 0
github.com/fazilnbr/project-workey/pkg/repository/admin.repo.go:74.2,74.99 1 0
github.com/fazilnbr/project-workey/pkg/repository/admin.repo.go:48.16,50.3 1 0
github.com/fazilnbr/project-workey/pkg/repository/admin.repo.go:56.18,65.17 3 0
github.com/fazilnbr/project-workey/pkg/repository/admin.repo.go:69.3,69.44 1 0
github.com/fazilnbr/project-workey/pkg/repository/admin.repo.go:65.17,67.4 1 0
github.com/fazilnbr/project-workey/pkg/repository/admin.repo.go:71.35,73.3 1 0
github.com/fazilnbr/project-workey/pkg/repository/admin.repo.go:79.59,91.2 4 0
github.com/fazilnbr/project-workey/pkg/repository/admin.repo.go:94.73,106.2 4 0
github.com/fazilnbr/project-workey/pkg/repository/admin.repo.go:109.70,121.2 4 0
github.com/fazilnbr/project-workey/pkg/repository/admin.repo.go:124.112,139.16 4 0
github.com/fazilnbr/project-workey/pkg/repository/admin.repo.go:143.2,147.18 3 0
github.com/fazilnbr/project-workey/pkg/repository/admin.repo.go:163.2,163.35 1 0
github.com/fazilnbr/project-workey/pkg/repository/admin.repo.go:166.2,166.96 1 0
github.com/fazilnbr/project-workey/pkg/repository/admin.repo.go:139.16,141.3 1 0
github.com/fazilnbr/project-workey/pkg/repository/admin.repo.go:147.18,157.17 3 0
github.com/fazilnbr/project-workey/pkg/repository/admin.repo.go:161.3,161.36 1 0
github.com/fazilnbr/project-workey/pkg/repository/admin.repo.go:157.17,159.4 1 0
github.com/fazilnbr/project-workey/pkg/repository/admin.repo.go:163.35,165.3 1 0
github.com/fazilnbr/project-workey/pkg/repository/admin.repo.go:170.108,185.16 4 0
github.com/fazilnbr/project-workey/pkg/repository/admin.repo.go:189.2,193.18 3 0
github.com/fazilnbr/project-workey/pkg/repository/admin.repo.go:209.2,209.35 1 0
github.com/fazilnbr/project-workey/pkg/repository/admin.repo.go:212.2,212.96 1 0
github.com/fazilnbr/project-workey/pkg/repository/admin.repo.go:185.16,187.3 1 0
github.com/fazilnbr/project-workey/pkg/repository/admin.repo.go:193.18,203.17 3 0
github.com/fazilnbr/project-workey/pkg/repository/admin.repo.go:207.3,207.36 1 0
github.com/fazilnbr/project-workey/pkg/repository/admin.repo.go:203.17,205.4 1 0
github.com/fazilnbr/project-workey/pkg/repository/admin.repo.go:209.35,211.3 1 0
github.com/fazilnbr/project-workey/pkg/repository/admin.repo.go:216.105,231.16 4 0
github.com/fazilnbr/project-workey/pkg/repository/admin.repo.go:235.2,239.18 3 0
github.com/fazilnbr/project-workey/pkg/repository/admin.repo.go:255.2,255.35 1 0
github.com/fazilnbr/project-workey/pkg/repository/admin.repo.go:258.2,258.96 1 0
github.com/fazilnbr/project-workey/pkg/repository/admin.repo.go:231.16,233.3 1 0
github.com/fazilnbr/project-workey/pkg/repository/admin.repo.go:239.18,249.17 3 0
github.com/fazilnbr/project-workey/pkg/repository/admin.repo.go:253.3,253.36 1 0
github.com/fazilnbr/project-workey/pkg/repository/admin.repo.go:249.17,251.4 1 0
github.com/fazilnbr/project-workey/pkg/repository/admin.repo.go:255.35,257.3 1 0
github.com/fazilnbr/project-workey/pkg/repository/admin.repo.go:263.71,275.2 4 0
github.com/fazilnbr/project-workey/pkg/repository/admin.repo.go:278.68,290.2 4 0
github.com/fazilnbr/project-workey/pkg/repository/admin.repo.go:293.75,305.2 4 0
github.com/fazilnbr/project-workey/pkg/repository/admin.repo.go:308.110,323.16 4 0
github.com/fazilnbr/project-workey/pkg/repository/admin.repo.go:327.2,331.18 3 0
github.com/fazilnbr/project-workey/pkg/repository/admin.repo.go:347.2,347.35 1 0
github.com/fazilnbr/project-workey/pkg/repository/admin.repo.go:350.2,350.94 1 0
github.com/fazilnbr/project-workey/pkg/repository/admin.repo.go:323.16,325.3 1 0
github.com/fazilnbr/project-workey/pkg/repository/admin.repo.go:331.18,341.17 3 0
github.com/fazilnbr/project-workey/pkg/repository/admin.repo.go:345.3,345.30 1 0
github.com/fazilnbr/project-workey/pkg/repository/admin.repo.go:341.17,343.4 1 0
github.com/fazilnbr/project-workey/pkg/repository/admin.repo.go:347.35,349.3 1 0
github.com/fazilnbr/project-workey/pkg/repository/admin.repo.go:354.106,369.16 4 0
github.com/fazilnbr/project-workey/pkg/repository/admin.repo.go:373.2,377.18 3 0
github.com/fazilnbr/project-workey/pkg/repository/admin.repo.go:394.2,394.35 1 0
github.com/fazilnbr/project-workey/pkg/repository/admin.repo.go:397.2,397.94 1 0
github.com/fazilnbr/project-workey/pkg/repository/admin.repo.go:369.16,371.3 1 0
github.com/fazilnbr/project-workey/pkg/repository/admin.repo.go:377.18,387.17 3 0
github.com/fazilnbr/project-workey/pkg/repository/admin.repo.go:391.3,391.30 1 0
github.com/fazilnbr/project-workey/pkg/repository/admin.repo.go:387.17,389.4 1 0
github.com/fazilnbr/project-workey/pkg/repository/admin.repo.go:394.35,396.3 1 0
github.com/fazilnbr/project-workey/pkg/repository/admin.repo.go:401.103,416.16 4 0
github.com/fazilnbr/project-workey/pkg/repository/admin.repo.go:420.2,424.18 3 0
github.com/fazilnbr/project-workey/pkg/repository/admin.repo.go:441.2,441.35 1 0
github.com/fazilnbr/project-workey/pkg/repository/admin.repo.go:444.2,444.94 1 0
github.com/fazilnbr/project-workey/pkg/repository/admin.repo.go:416.16,418.3 1 0
github.com/fazilnbr/project-workey/pkg/repository/admin.repo.go:424.18,434.17 3 0
github.com/fazilnbr/project-workey/pkg/repository/admin.repo.go:438.3,438.30 1 0
github.com/fazilnbr/project-workey/pkg/repository/admin.repo.go:434.17,436.4 1 0
github.com/fazilnbr/project-workey/pkg/repository/admin.repo.go:441.35,443.3 1 0
github.com/fazilnbr/project-workey/pkg/repository/admin.repo.go:448.63,449.24 1 0
github.com/fazilnbr/project-workey/pkg/repository/admin.repo.go:452.58,456.2 1 0
github.com/fazilnbr/project-workey/pkg/repository/user.repo.go:40.72,52.40 4 0
github.com/fazilnbr/project-workey/pkg/repository/user.repo.go:56.2,56.18 1 0
github.com/fazilnbr/project-workey/pkg/repository/user.repo.go:52.40,54.3 1 0
github.com/fazilnbr/project-workey/pkg/repository/user.repo.go:60.80,66.14 5 0
github.com/fazilnbr/project-workey/pkg/repository/user.repo.go:70.2,70.18 1 0
github.com/fazilnbr/project-workey/pkg/repository/user.repo.go:66.14,68.3 1 0
github.com/fazilnbr/project-workey/pkg/repository/user.repo.go:74.74,82.26 4 0
github.com/fazilnbr/project-workey/pkg/repository/user.repo.go:85.2,85.13 1 0
github.com/fazilnbr/project-workey/pkg/repository/user.repo.go:88.2,88.40 1 0
github.com/fazilnbr/project-workey/pkg/repository/user.repo.go:92.2,92.16 1 0
github.com/fazilnbr/project-workey/pkg/repository/user.repo.go:82.26,84.3 1 0
github.com/fazilnbr/project-workey/pkg/repository/user.repo.go:85.13,87.3 1 0
github.com/fazilnbr/project-workey/pkg/repository/user.repo.go:88.40,90.3 1 0
github.com/fazilnbr/project-workey/pkg/repository/user.repo.go:96.85,114.2 6 0
github.com/fazilnbr/project-workey/pkg/repository/user.repo.go:117.102,134.26 4 0
github.com/fazilnbr/project-workey/pkg/repository/user.repo.go:137.2,137.40 1 0
github.com/fazilnbr/project-workey/pkg/repository/user.repo.go:141.2,141.23 1 0
github.com/fazilnbr/project-workey/pkg/repository/user.repo.go:134.26,136.3 1 0
github.com/fazilnbr/project-workey/pkg/repository/user.repo.go:137.40,139.3 1 0
github.com/fazilnbr/project-workey/pkg/repository/user.repo.go:145.73,151.14 5 0
github.com/fazilnbr/project-workey/pkg/repository/user.repo.go:155.2,155.18 1 0
github.com/fazilnbr/project-workey/pkg/repository/user.repo.go:151.14,153.3 1 0
github.com/fazilnbr/project-workey/pkg/repository/user.repo.go:159.102,183.40 4 0
github.com/fazilnbr/project-workey/pkg/repository/user.repo.go:187.2,187.21 1 0
github.com/fazilnbr/project-workey/pkg/repository/user.repo.go:183.40,185.3 1 0
github.com/fazilnbr/project-workey/pkg/repository/user.repo.go:191.124,201.16 4 0
github.com/fazilnbr/project-workey/pkg/repository/user.repo.go:205.2,209.18 3 0
github.com/fazilnbr/project-workey/pkg/repository/user.repo.go:229.2,229.35 1 0
github.com/fazilnbr/project-workey/pkg/repository/user.repo.go:234.2,234.97 1 0
github.com/fazilnbr/project-workey/pkg/repository/user.repo.go:201.16,203.3 1 0
github.com/fazilnbr/project-workey/pkg/repository/user.repo.go:209.18,221.17 3 0
github.com/fazilnbr/project-workey/pkg/repository/user.repo.go:225.3,225.39 1 0
github.com/fazilnbr/project-workey/pkg/repository/user.repo.go:221.17,223.4 1 0
github.com/fazilnbr/project-workey/pkg/repository/user.repo.go:229.35,231.3 1 0
github.com/fazilnbr/project-workey/pkg/repository/user.repo.go:238.70,245.14 5 0
github.com/fazilnbr/project-workey/pkg/repository/user.repo.go:249.2,249.18 1 0
github.com/fazilnbr/project-workey/pkg/repository/user.repo.go:245.14,247.3 1 0
github.com/fazilnbr/project-workey/pkg/repository/user.repo.go:253.72,261.16 3 0
github.com/fazilnbr/project-workey/pkg/repository/user.repo.go:264.2,268.18 3 0
github.com/fazilnbr/project-workey/pkg/repository/user.repo.go:279.2,279.16 1 0
github.com/fazilnbr/project-workey/pkg/repository/user.repo.go:261.16,263.3 1 0
github.com/fazilnbr/project-workey/pkg/repository/user.repo.go:268.18,274.17 2 0
github.com/fazilnbr/project-workey/pkg/repository/user.repo.go:274.17,276.4 1 0
github.com/fazilnbr/project-workey/pkg/repository/user.repo.go:283.72,300.2 6 0
github.com/fazilnbr/project-workey/pkg/repository/user.repo.go:303.60,310.14 5 0
github.com/fazilnbr/project-workey/pkg/repository/user.repo.go:314.2,314.18 1 0
github.com/fazilnbr/project-workey/pkg/repository/user.repo.go:310.14,312.3 1 0
github.com/fazilnbr/project-workey/pkg/repository/user.repo.go:318.66,324.16 4 0
github.com/fazilnbr/project-workey/pkg/repository/user.repo.go:328.2,330.18 2 0
github.com/fazilnbr/project-workey/pkg/repository/user.repo.go:351.2,351.35 1 0
github.com/fazilnbr/project-workey/pkg/repository/user.repo.go:354.2,354.23 1 0
github.com/fazilnbr/project-workey/pkg/repository/user.repo.go:324.16,326.3 1 0
github.com/fazilnbr/project-workey/pkg/repository/user.repo.go:330.18,344.17 3 0
github.com/fazilnbr/project-workey/pkg/repository/user.repo.go:348.3,348.41 1 0
github.com/fazilnbr/project-workey/pkg/repository/user.repo.go:344.17,346.4 1 0
github.com/fazilnbr/project-workey/pkg/repository/user.repo.go:351.35,353.3 1 0
github.com/fazilnbr/project-workey/pkg/repository/user.repo.go:358.68,376.2 4 0
github.com/fazilnbr/project-workey/pkg/repository/user.repo.go:379.75,386.16 3 0
github.com/fazilnbr/project-workey/pkg/repository/user.repo.go:389.2,393.18 3 0
github.com/fazilnbr/project-workey/pkg/repository/user.repo.go:404.2,404.16 1 0
github.com/fazilnbr/project-workey/pkg/repository/user.repo.go:386.16,388.3 1 0
github.com/fazilnbr/project-workey/pkg/repository/user.repo.go:393.18,399.17 2 0
github.com/fazilnbr/project-workey/pkg/repository/user.repo.go:399.17,401.4 1 0
github.com/fazilnbr/project-workey/pkg/repository/user.repo.go:408.113,413.16 3 0
github.com/fazilnbr/project-workey/pkg/repository/user.repo.go:417.2,421.18 3 0
github.com/fazilnbr/project-workey/pkg/repository/user.repo.go:441.2,441.35 1 0
github.com/fazilnbr/project-workey/pkg/repository/user.repo.go:444.2,444.98 1 0
github.com/fazilnbr/project-workey/pkg/repository/user.repo.go:413.16,415.3 1 0
github.com/fazilnbr/project-workey/pkg/repository/user.repo.go:421.18,434.17 3 0
github.com/fazilnbr/project-workey/pkg/repository/user.repo.go:438.3,438.42 1 0
github.com/fazilnbr/project-workey/pkg/repository/user.repo.go:434.17,436.4 1 0
github.com/fazilnbr/project-workey/pkg/repository/user.repo.go:441.35,443.3 1 0
github.com/fazilnbr/project-workey/pkg/repository/user.repo.go:448.73,460.2 4 0
github.com/fazilnbr/project-workey/pkg/repository/user.repo.go:463.131,468.16 3 0
github.com/fazilnbr/project-workey/pkg/repository/user.repo.go:472.2,476.18 3 0
github.com/fazilnbr/project-workey/pkg/repository/user.repo.go:493.2,493.35 1 0
github.com/fazilnbr/project-workey/pkg/repository/user.repo.go:496.2,496.93 1 0
github.com/fazilnbr/project-workey/pkg/repository/user.repo.go:468.16,470.3 1 0
github.com/fazilnbr/project-workey/pkg/repository/user.repo.go:476.18,486.17 3 0
github.com/fazilnbr/project-workey/pkg/repository/user.repo.go:490.3,490.27 1 0
github.com/fazilnbr/project-workey/pkg/repository/user.repo.go:486.17,488.4 1 0
github.com/fazilnbr/project-workey/pkg/repository/user.repo.go:493.35,495.3 1 0
github.com/fazilnbr/project-workey/pkg/repository/user.repo.go:500.117,505.16 3 0
github.com/fazilnbr/project-workey/pkg/repository/user.repo.go:509.2,513.18 3 0
github.com/fazilnbr/project-workey/pkg/repository/user.repo.go:530.2,530.35 1 0
github.com/fazilnbr/project-workey/pkg/repository/user.repo.go:533.2,533.93 1 0
github.com/fazilnbr/project-workey/pkg/repository/user.repo.go:505.16,507.3 1 0
github.com/fazilnbr/project-workey/pkg/repository/user.repo.go:513.18,523.17 3 0
github.com/fazilnbr/project-workey/pkg/repository/user.repo.go:527.3,527.27 1 0
github.com/fazilnbr/project-workey/pkg/repository/user.repo.go:523.17,525.4 1 0
github.com/fazilnbr/project-workey/pkg/repository/user.repo.go:530.35,532.3 1 0
github.com/fazilnbr/project-workey/pkg/repository/user.repo.go:537.83,553.2 4 0
github.com/fazilnbr/project-workey/pkg/repository/user.repo.go:556.85,590.2 4 0
github.com/fazilnbr/project-workey/pkg/repository/user.repo.go:593.84,617.2 4 0
github.com/fazilnbr/project-workey/pkg/repository/user.repo.go:620.78,628.2 3 0
github.com/fazilnbr/project-workey/pkg/repository/user.repo.go:631.67,639.26 4 0
github.com/fazilnbr/project-workey/pkg/repository/user.repo.go:643.2,643.16 1 0
github.com/fazilnbr/project-workey/pkg/repository/user.repo.go:647.2,653.16 3 0
github.com/fazilnbr/project-workey/pkg/repository/user.repo.go:657.2,662.12 3 0
github.com/fazilnbr/project-workey/pkg/repository/user.repo.go:639.26,641.3 1 0
github.com/fazilnbr/project-workey/pkg/repository/user.repo.go:643.16,645.3 1 0
github.com/fazilnbr/project-workey/pkg/repository/user.repo.go:653.16,655.3 1 0
github.com/fazilnbr/project-workey/pkg/repository/user.repo.go:666.72,680.40 4 0
github.com/fazilnbr/project-workey/pkg/repository/user.repo.go:684.2,684.18 1 0
github.com/fazilnbr/project-workey/pkg/repository/user.repo.go:680.40,682.3 1 0
github.com/fazilnbr/project-workey/pkg/repository/user.repo.go:688.63,703.2 4 0
github.com/fazilnbr/project-workey/pkg/repository/user.repo.go:705.56,709.2 1 1
github.com/fazilnbr/project-workey/pkg/repository/worker.repo.go:17.84,31.2 4 0
github.com/fazilnbr/project-workey/pkg/repository/worker.repo.go:34.59,40.14 5 0
github.com/fazilnbr/project-workey/pkg/repository/worker.repo.go:44.2,44.18 1 0
github.com/fazilnbr/project-workey/pkg/repository/worker.repo.go:40.14,42.3 1 0
github.com/fazilnbr/project-workey/pkg/repository/worker.repo.go:48.59,54.14 5 0
github.com/fazilnbr/project-workey/pkg/repository/worker.repo.go:58.2,58.18 1 0
github.com/fazilnbr/project-workey/pkg/repository/worker.repo.go:54.14,56.3 1 0
github.com/fazilnbr/project-workey/pkg/repository/worker.repo.go:62.142,78.16 4 0
github.com/fazilnbr/project-workey/pkg/repository/worker.repo.go:82.2,86.18 3 0
github.com/fazilnbr/project-workey/pkg/repository/worker.repo.go:109.2,109.35 1 0
github.com/fazilnbr/project-workey/pkg/repository/worker.repo.go:112.2,112.97 1 0
github.com/fazilnbr/project-workey/pkg/repository/worker.repo.go:78.16,80.3 1 0
github.com/fazilnbr/project-workey/pkg/repository/worker.repo.go:86.18,103.17 3 0
github.com/fazilnbr/project-workey/pkg/repository/worker.repo.go:107.3,107.39 1 0
github.com/fazilnbr/project-workey/pkg/repository/worker.repo.go:103.17,105.4 1 0
github.com/fazilnbr/project-workey/pkg/repository/worker.repo.go:109.35,111.3 1 0
github.com/fazilnbr/project-workey/pkg/repository/worker.repo.go:116.141,132.16 4 0
github.com/fazilnbr/project-workey/pkg/repository/worker.repo.go:136.2,140.18 3 0
github.com/fazilnbr/project-workey/pkg/repository/worker.repo.go:163.2,163.35 1 0
github.com/fazilnbr/project-workey/pkg/repository/worker.repo.go:166.2,166.97 1 0
github.com/fazilnbr/project-workey/pkg/repository/worker.repo.go:132.16,134.3 1 0
github.com/fazilnbr/project-workey/pkg/repository/worker.repo.go:140.18,157.17 3 0
github.com/fazilnbr/project-workey/pkg/repository/worker.repo.go:161.3,161.39 1 0
github.com/fazilnbr/project-workey/pkg/repository/worker.repo.go:157.17,159.4 1 0
github.com/fazilnbr/project-workey/pkg/repository/worker.repo.go:163.35,165.3 1 0
github.com/fazilnbr/project-workey/pkg/repository/worker.repo.go:170.52,177.14 5 0
github.com/fazilnbr/project-workey/pkg/repository/worker.repo.go:181.2,181.18 1 0
github.com/fazilnbr/project-workey/pkg/repository/worker.repo.go:177.14,179.3 1 0
github.com/fazilnbr/project-workey/pkg/repository/worker.repo.go:185.72,197.16 4 0
github.com/fazilnbr/project-workey/pkg/repository/worker.repo.go:201.2,203.18 2 0
github.com/fazilnbr/project-workey/pkg/repository/worker.repo.go:219.2,219.35 1 0
github.com/fazilnbr/project-workey/pkg/repository/worker.repo.go:222.2,222.18 1 0
github.com/fazilnbr/project-workey/pkg/repository/worker.repo.go:197.16,199.3 1 0
github.com/fazilnbr/project-workey/pkg/repository/worker.repo.go:203.18,213.17 3 0
github.com/fazilnbr/project-workey/pkg/repository/worker.repo.go:217.3,217.27 1 0
github.com/fazilnbr/project-workey/pkg/repository/worker.repo.go:213.17,215.4 1 0
github.com/fazilnbr/project-workey/pkg/repository/worker.repo.go:219.35,221.3 1 0
github.com/fazilnbr/project-workey/pkg/repository/worker.repo.go:226.64,234.16 3 0
github.com/fazilnbr/project-workey/pkg/repository/worker.repo.go:237.2,241.18 3 0
github.com/fazilnbr/project-workey/pkg/repository/worker.repo.go:252.2,252.13 1 0
github.com/fazilnbr/project-workey/pkg/repository/worker.repo.go:256.2,270.16 3 0
github.com/fazilnbr/project-workey/pkg/repository/worker.repo.go:234.16,236.3 1 0
github.com/fazilnbr/project-workey/pkg/repository/worker.repo.go:241.18,247.17 2 0
github.com/fazilnbr/project-workey/pkg/repository/worker.repo.go:247.17,249.4 1 0
github.com/fazilnbr/project-workey/pkg/repository/worker.repo.go:252.13,254.3 1 0
github.com/fazilnbr/project-workey/pkg/repository/worker.repo.go:275.116,286.16 4 0
github.com/fazilnbr/project-workey/pkg/repository/worker.repo.go:290.2,294.18 3 0
github.com/fazilnbr/project-workey/pkg/repository/worker.repo.go:309.2,309.35 1 0
github.com/fazilnbr/project-workey/pkg/repository/worker.repo.go:312.2,312.99 1 0
github.com/fazilnbr/project-workey/pkg/repository/worker.repo.go:286.16,288.3 1 0
github.com/fazilnbr/project-workey/pkg/repository/worker.repo.go:294.18,303.17 3 0
github.com/fazilnbr/project-workey/pkg/repository/worker.repo.go:307.3,307.44 1 0
github.com/fazilnbr/project-workey/pkg/repository/worker.repo.go:303.17,305.4 1 0
github.com/fazilnbr/project-workey/pkg/repository/worker.repo.go:309.35,311.3 1 0
github.com/fazilnbr/project-workey/pkg/repository/worker.repo.go:316.93,332.2 4 0
github.com/fazilnbr/project-workey/pkg/repository/worker.repo.go:335.95,370.2 4 0
github.com/fazilnbr/project-workey/pkg/repository/worker.repo.go:373.96,397.2 4 0
github.com/fazilnbr/project-workey/pkg/repository/worker.repo.go:400.84,413.2 4 0
github.com/fazilnbr/project-workey/pkg/repository/worker.repo.go:416.77,430.2 4 0
github.com/fazilnbr/project-workey/pkg/repository/worker.repo.go:433.81,434.24 1 0
github.com/fazilnbr/project-workey/pkg/repository/worker.repo.go:438.72,446.26 4 0
github.com/fazilnbr/project-workey/pkg/repository/worker.repo.go:450.2,450.16 1 0
github.com/fazilnbr/project-workey/pkg/repository/worker.repo.go:454.2,460.16 3 0
github.com/fazilnbr/project-workey/pkg/repository/worker.repo.go:464.2,464.12 1 0
github.com/fazilnbr/project-workey/pkg/repository/worker.repo.go:446.26,448.3 1 0
github.com/fazilnbr/project-workey/pkg/repository/worker.repo.go:450.16,452.3 1 0
github.com/fazilnbr/project-workey/pkg/repository/worker.repo.go:460.16,462.3 1 0
github.com/fazilnbr/project-workey/pkg/repository/worker.repo.go:467.60,471.2 1 0
github.com/fazilnbr/project-workey/pkg/usecase/admin.usecase.go:17.81,21.2 2 0
github.com/fazilnbr/project-workey/pkg/usecase/admin.usecase.go:24.109,28.2 2 0
github.com/fazilnbr/project-workey/pkg/usecase/admin.usecase.go:31.62,34.2 2 0
github.com/fazilnbr/project-workey/pkg/usecase/admin.usecase.go:37.77,41.2 2 0
github.com/fazilnbr/project-workey/pkg/usecase/admin.usecase.go:44.74,48.2 2 0
github.com/fazilnbr/project-workey/pkg/usecase/admin.usecase.go:51.117,55.2 2 0
github.com/fazilnbr/project-workey/pkg/usecase/admin.usecase.go:58.113,63.2 2 0
github.com/fazilnbr/project-workey/pkg/usecase/admin.usecase.go:66.110,70.2 2 0
github.com/fazilnbr/project-workey/pkg/usecase/admin.usecase.go:73.75,77.2 2 0
github.com/fazilnbr/project-workey/pkg/usecase/admin.usecase.go:80.72,84.2 2 0
github.com/fazilnbr/project-workey/pkg/usecase/admin.usecase.go:87.79,91.2 2 0
github.com/fazilnbr/project-workey/pkg/usecase/admin.usecase.go:94.115,98.2 2 0
github.com/fazilnbr/project-workey/pkg/usecase/admin.usecase.go:101.111,105.2 2 0
github.com/fazilnbr/project-workey/pkg/usecase/admin.usecase.go:108.108,112.2 2 0
github.com/fazilnbr/project-workey/pkg/usecase/admin.usecase.go:115.64,116.24 1 0
github.com/fazilnbr/project-workey/pkg/usecase/admin.usecase.go:120.66,121.24 1 0
github.com/fazilnbr/project-workey/pkg/usecase/admin.usecase.go:126.54,131.2 1 0
github.com/fazilnbr/project-workey/pkg/usecase/auth.usecase.go:22.73,25.2 2 0
github.com/fazilnbr/project-workey/pkg/usecase/auth.usecase.go:28.74,32.2 2 0
github.com/fazilnbr/project-workey/pkg/usecase/auth.usecase.go:35.65,43.16 3 0
github.com/fazilnbr/project-workey/pkg/usecase/auth.usecase.go:56.2,106.72 3 0
github.com/fazilnbr/project-workey/pkg/usecase/auth.usecase.go:110.2,112.16 2 0
github.com/fazilnbr/project-workey/pkg/usecase/auth.usecase.go:116.2,116.12 1 0
github.com/fazilnbr/project-workey/pkg/usecase/auth.usecase.go:43.16,45.3 1 0
github.com/fazilnbr/project-workey/pkg/usecase/auth.usecase.go:106.72,108.3 1 0
github.com/fazilnbr/project-workey/pkg/usecase/auth.usecase.go:112.16,114.3 1 0
github.com/fazilnbr/project-workey/pkg/usecase/auth.usecase.go:120.72,123.16 2 0
github.com/fazilnbr/project-workey/pkg/usecase/auth.usecase.go:129.2,129.32 1 0
github.com/fazilnbr/project-workey/pkg/usecase/auth.usecase.go:133.2,133.12 1 0
github.com/fazilnbr/project-workey/pkg/usecase/auth.usecase.go:123.16,125.3 1 0
github.com/fazilnbr/project-workey/pkg/usecase/auth.usecase.go:129.32,131.3 1 0
github.com/fazilnbr/project-workey/pkg/usecase/auth.usecase.go:137.71,140.16 2 0
github.com/fazilnbr/project-workey/pkg/usecase/auth.usecase.go:143.2,143.24 1 0
github.com/fazilnbr/project-workey/pkg/usecase/auth.usecase.go:147.2,148.22 2 0
github.com/fazilnbr/project-workey/pkg/usecase/auth.usecase.go:152.2,152.12 1 0
github.com/fazilnbr/project-workey/pkg/usecase/auth.usecase.go:140.16,142.3 1 0
github.com/fazilnbr/project-workey/pkg/usecase/auth.usecase.go:143.24,145.3 1 0
github.com/fazilnbr/project-workey/pkg/usecase/auth.usecase.go:148.22,150.3 1 0
github.com/fazilnbr/project-workey/pkg/usecase/auth.usecase.go:156.73,159.16 2 0
github.com/fazilnbr/project-workey/pkg/usecase/auth.usecase.go:163.2,164.22 2 0
github.com/fazilnbr/project-workey/pkg/usecase/auth.usecase.go:168.2,168.12 1 0
github.com/fazilnbr/project-workey/pkg/usecase/auth.usecase.go:159.16,161.3 1 0
github.com/fazilnbr/project-workey/pkg/usecase/auth.usecase.go:164.22,166.3 1 0
github.com/fazilnbr/project-workey/pkg/usecase/auth.usecase.go:177.24,185.2 1 0
github.com/fazilnbr/project-workey/pkg/usecase/jwt.usecase.go:19.101,35.16 4 0
github.com/fazilnbr/project-workey/pkg/usecase/jwt.usecase.go:39.2,39.25 1 0
github.com/fazilnbr/project-workey/pkg/usecase/jwt.usecase.go:35.16,37.3 1 0
github.com/fazilnbr/project-workey/pkg/usecase/jwt.usecase.go:43.100,59.16 4 0
github.com/fazilnbr/project-workey/pkg/usecase/jwt.usecase.go:63.2,63.25 1 0
github.com/fazilnbr/project-workey/pkg/usecase/jwt.usecase.go:59.16,61.3 1 0
github.com/fazilnbr/project-workey/pkg/usecase/jwt.usecase.go:67.110,68.94 1 0
github.com/fazilnbr/project-workey/pkg/usecase/jwt.usecase.go:68.94,69.58 1 0
github.com/fazilnbr/project-workey/pkg/usecase/jwt.usecase.go:73.3,73.34 1 0
github.com/fazilnbr/project-workey/pkg/usecase/jwt.usecase.go:69.58,71.4 1 0
github.com/fazilnbr/project-workey/pkg/usecase/jwt.usecase.go:79.83,83.16 3 0
github.com/fazilnbr/project-workey/pkg/usecase/jwt.usecase.go:87.2,87.17 1 0
github.com/fazilnbr/project-workey/pkg/usecase/jwt.usecase.go:92.2,92.22 1 0
github.com/fazilnbr/project-workey/pkg/usecase/jwt.usecase.go:83.16,85.3 1 0
github.com/fazilnbr/project-workey/pkg/usecase/jwt.usecase.go:87.17,88.36 1 0
github.com/fazilnbr/project-workey/pkg/usecase/jwt.usecase.go:88.36,90.4 1 0
github.com/fazilnbr/project-workey/pkg/usecase/jwt.usecase.go:95.46,99.2 1 0
github.com/fazilnbr/project-workey/pkg/usecase/user.usecase.go:19.76,22.16 2 0
github.com/fazilnbr/project-workey/pkg/usecase/user.usecase.go:26.2,26.19 1 0
github.com/fazilnbr/project-workey/pkg/usecase/user.usecase.go:22.16,24.3 1 0
github.com/fazilnbr/project-workey/pkg/usecase/user.usecase.go:30.83,32.2 1 0
github.com/fazilnbr/project-workey/pkg/usecase/user.usecase.go:35.77,38.2 2 0
github.com/fazilnbr/project-workey/pkg/usecase/user.usecase.go:41.88,44.2 2 0
github.com/fazilnbr/project-workey/pkg/usecase/user.usecase.go:47.106,50.2 2 0
github.com/fazilnbr/project-workey/pkg/usecase/user.usecase.go:53.76,55.2 1 0
github.com/fazilnbr/project-workey/pkg/usecase/user.usecase.go:58.106,61.2 2 0
github.com/fazilnbr/project-workey/pkg/usecase/user.usecase.go:64.129,67.2 2 0
github.com/fazilnbr/project-workey/pkg/usecase/user.usecase.go:70.73,72.2 1 0
github.com/fazilnbr/project-workey/pkg/usecase/user.usecase.go:75.75,77.16 2 0
github.com/fazilnbr/project-workey/pkg/usecase/user.usecase.go:80.2,80.13 1 0
github.com/fazilnbr/project-workey/pkg/usecase/user.usecase.go:83.2,84.16 2 0
github.com/fazilnbr/project-workey/pkg/usecase/user.usecase.go:77.16,79.3 1 0
github.com/fazilnbr/project-workey/pkg/usecase/user.usecase.go:80.13,82.3 1 0
github.com/fazilnbr/project-workey/pkg/usecase/user.usecase.go:88.63,92.2 2 0
github.com/fazilnbr/project-workey/pkg/usecase/user.usecase.go:95.70,99.2 2 0
github.com/fazilnbr/project-workey/pkg/usecase/user.usecase.go:102.71,106.2 2 0
github.com/fazilnbr/project-workey/pkg/usecase/user.usecase.go:109.118,113.2 2 0
github.com/fazilnbr/project-workey/pkg/usecase/user.usecase.go:116.76,118.16 2 0
github.com/fazilnbr/project-workey/pkg/usecase/user.usecase.go:121.2,121.13 1 0
github.com/fazilnbr/project-workey/pkg/usecase/user.usecase.go:124.2,125.16 2 0
github.com/fazilnbr/project-workey/pkg/usecase/user.usecase.go:118.16,120.3 1 0
github.com/fazilnbr/project-workey/pkg/usecase/user.usecase.go:121.13,123.3 1 0
github.com/fazilnbr/project-workey/pkg/usecase/user.usecase.go:129.136,133.2 2 0
github.com/fazilnbr/project-workey/pkg/usecase/user.usecase.go:136.122,140.2 2 0
github.com/fazilnbr/project-workey/pkg/usecase/user.usecase.go:143.94,145.16 2 0
github.com/fazilnbr/project-workey/pkg/usecase/user.usecase.go:149.2,150.22 2 0
github.com/fazilnbr/project-workey/pkg/usecase/user.usecase.go:153.2,153.12 1 0
github.com/fazilnbr/project-workey/pkg/usecase/user.usecase.go:145.16,147.3 1 0
github.com/fazilnbr/project-workey/pkg/usecase/user.usecase.go:150.22,152.3 1 0
github.com/fazilnbr/project-workey/pkg/usecase/user.usecase.go:157.79,164.2 3 0
github.com/fazilnbr/project-workey/pkg/usecase/user.usecase.go:167.81,172.2 2 0
github.com/fazilnbr/project-workey/pkg/usecase/user.usecase.go:175.76,180.2 2 0
github.com/fazilnbr/project-workey/pkg/usecase/user.usecase.go:183.61,186.16 2 1
github.com/fazilnbr/project-workey/pkg/usecase/user.usecase.go:191.2,196.12 3 1
github.com/fazilnbr/project-workey/pkg/usecase/user.usecase.go:186.16,188.3 1 1
github.com/fazilnbr/project-workey/pkg/usecase/user.usecase.go:200.76,203.16 2 0
github.com/fazilnbr/project-workey/pkg/usecase/user.usecase.go:207.2,207.19 1 0
github.com/fazilnbr/project-workey/pkg/usecase/user.usecase.go:203.16,205.3 1 0
github.com/fazilnbr/project-workey/pkg/usecase/user.usecase.go:211.71,214.16 2 0
github.com/fazilnbr/project-workey/pkg/usecase/user.usecase.go:218.2,219.22 2 0
github.com/fazilnbr/project-workey/pkg/usecase/user.usecase.go:223.2,223.12 1 0
github.com/fazilnbr/project-workey/pkg/usecase/user.usecase.go:214.16,216.3 1 0
github.com/fazilnbr/project-workey/pkg/usecase/user.usecase.go:219.22,221.3 1 0
github.com/fazilnbr/project-workey/pkg/usecase/user.usecase.go:226.43,231.2 3 1
github.com/fazilnbr/project-workey/pkg/usecase/user.usecase.go:233.62,237.2 2 0
github.com/fazilnbr/project-workey/pkg/usecase/user.usecase.go:240.59,244.2 1 1
github.com/fazilnbr/project-workey/pkg/usecase/worker.usecase.go:18.56,20.2 1 0
github.com/fazilnbr/project-workey/pkg/usecase/worker.usecase.go:23.56,25.2 1 0
github.com/fazilnbr/project-workey/pkg/usecase/worker.usecase.go:28.141,32.2 2 0
github.com/fazilnbr/project-workey/pkg/usecase/worker.usecase.go:35.140,39.2 2 0
github.com/fazilnbr/project-workey/pkg/usecase/worker.usecase.go:42.49,46.2 2 0
github.com/fazilnbr/project-workey/pkg/usecase/worker.usecase.go:49.69,53.2 2 0
github.com/fazilnbr/project-workey/pkg/usecase/worker.usecase.go:56.61,60.2 2 0
github.com/fazilnbr/project-workey/pkg/usecase/worker.usecase.go:63.114,67.2 2 0
github.com/fazilnbr/project-workey/pkg/usecase/worker.usecase.go:70.98,72.16 2 0
github.com/fazilnbr/project-workey/pkg/usecase/worker.usecase.go:76.2,77.22 2 0
github.com/fazilnbr/project-workey/pkg/usecase/worker.usecase.go:80.2,80.12 1 0
github.com/fazilnbr/project-workey/pkg/usecase/worker.usecase.go:72.16,74.3 1 0
github.com/fazilnbr/project-workey/pkg/usecase/worker.usecase.go:77.22,79.3 1 0
github.com/fazilnbr/project-workey/pkg/usecase/worker.usecase.go:84.83,91.2 3 0
github.com/fazilnbr/project-workey/pkg/usecase/worker.usecase.go:94.85,99.2 2 0
github.com/fazilnbr/project-workey/pkg/usecase/worker.usecase.go:102.80,106.2 2 0
github.com/fazilnbr/project-workey/pkg/usecase/worker.usecase.go:109.65,112.16 2 0
github.com/fazilnbr/project-workey/pkg/usecase/worker.usecase.go:115.2,115.40 1 0
github.com/fazilnbr/project-workey/pkg/usecase/worker.usecase.go:121.2,125.12 3 0
github.com/fazilnbr/project-workey/pkg/usecase/worker.usecase.go:112.16,114.3 1 0
github.com/fazilnbr/project-workey/pkg/usecase/worker.usecase.go:115.40,117.3 1 0
github.com/fazilnbr/project-workey/pkg/usecase/worker.usecase.go:130.82,133.16 2 0
github.com/fazilnbr/project-workey/pkg/usecase/worker.usecase.go:137.2,137.19 1 0
github.com/fazilnbr/project-workey/pkg/usecase/worker.usecase.go:133.16,135.3 1 0
github.com/fazilnbr/project-workey/pkg/usecase/worker.usecase.go:141.65,142.24 1 0
github.com/fazilnbr/project-workey/pkg/usecase/worker.usecase.go:146.67,147.24 1 0
github.com/fazilnbr/project-workey/pkg/usecase/worker.usecase.go:150.86,155.2 1 0
github.com/fazilnbr/project-workey/pkg/api/handler/admin.handler.go:18.71,22.2 1 0
github.com/fazilnbr/project-workey/pkg/api/handler/admin.handler.go:34.54,46.16 5 0
github.com/fazilnbr/project-workey/pkg/api/handler/admin.handler.go:55.2,66.34 5 0
github.com/fazilnbr/project-workey/pkg/api/handler/admin.handler.go:46.16,53.3 5 0
github.com/fazilnbr/project-workey/pkg/api/handler/admin.handler.go:79.54,99.16 6 0
github.com/fazilnbr/project-workey/pkg/api/handler/admin.handler.go:107.2,110.34 4 0
github.com/fazilnbr/project-workey/pkg/api/handler/admin.handler.go:99.16,106.3 5 0
github.com/fazilnbr/project-workey/pkg/api/handler/admin.handler.go:123.56,135.16 5 0
github.com/fazilnbr/project-workey/pkg/api/handler/admin.handler.go:144.2,155.34 4 0
github.com/fazilnbr/project-workey/pkg/api/handler/admin.handler.go:135.16,142.3 4 0
github.com/fazilnbr/project-workey/pkg/api/handler/admin.handler.go:167.55,174.16 4 0
github.com/fazilnbr/project-workey/pkg/api/handler/admin.handler.go:182.2,185.34 3 0
github.com/fazilnbr/project-workey/pkg/api/handler/admin.handler.go:174.16,181.3 4 0
github.com/fazilnbr/project-workey/pkg/api/handler/admin.handler.go:197.52,204.16 4 0
github.com/fazilnbr/project-workey/pkg/api/handler/admin.handler.go:212.2,215.34 3 0
github.com/fazilnbr/project-workey/pkg/api/handler/admin.handler.go:204.16,211.3 4 0
github.com/fazilnbr/project-workey/pkg/api/handler/admin.handler.go:228.56,241.16 5 0
github.com/fazilnbr/project-workey/pkg/api/handler/admin.handler.go:250.2,261.34 5 0
github.com/fazilnbr/project-workey/pkg/api/handler/admin.handler.go:241.16,248.3 5 0
github.com/fazilnbr/project-workey/pkg/api/handler/admin.handler.go:274.56,286.16 5 0
github.com/fazilnbr/project-workey/pkg/api/handler/admin.handler.go:295.2,306.34 5 0
github.com/fazilnbr/project-workey/pkg/api/handler/admin.handler.go:286.16,293.3 5 0
github.com/fazilnbr/project-workey/pkg/api/handler/admin.handler.go:319.58,332.16 5 0
github.com/fazilnbr/project-workey/pkg/api/handler/admin.handler.go:341.2,352.34 4 0
github.com/fazilnbr/project-workey/pkg/api/handler/admin.handler.go:332.16,339.3 4 0
github.com/fazilnbr/project-workey/pkg/api/handler/admin.handler.go:364.57,371.16 4 0
github.com/fazilnbr/project-workey/pkg/api/handler/admin.handler.go:379.2,382.34 3 0
github.com/fazilnbr/project-workey/pkg/api/handler/admin.handler.go:371.16,378.3 4 0
github.com/fazilnbr/project-workey/pkg/api/handler/admin.handler.go:394.54,401.16 4 0
github.com/fazilnbr/project-workey/pkg/api/handler/admin.handler.go:409.2,412.34 3 0
github.com/fazilnbr/project-workey/pkg/api/handler/admin.handler.go:401.16,408.3 4 0
github.com/fazilnbr/project-workey/pkg/api/handler/admin.handler.go:424.56,430.16 3 0
github.com/fazilnbr/project-workey/pkg/api/handler/admin.handler.go:438.2,441.34 3 0
github.com/fazilnbr/project-workey/pkg/api/handler/admin.handler.go:430.16,437.3 4 0
github.com/fazilnbr/project-workey/pkg/api/handler/admin.handler.go:454.57,467.16 5 0
github.com/fazilnbr/project-workey/pkg/api/handler/admin.handler.go:476.2,487.34 4 0
github.com/fazilnbr/project-workey/pkg/api/handler/admin.handler.go:467.16,474.3 4 0
github.com/fazilnbr/project-workey/pkg/api/handler/admin.handler.go:499.59,506.16 3 0
github.com/fazilnbr/project-workey/pkg/api/handler/admin.handler.go:514.2,516.16 2 0
github.com/fazilnbr/project-workey/pkg/api/handler/admin.handler.go:524.2,527.34 3 0
github.com/fazilnbr/project-workey/pkg/api/handler/admin.handler.go:506.16,512.3 5 0
github.com/fazilnbr/project-workey/pkg/api/handler/admin.handler.go:516.16,523.3 4 0
github.com/fazilnbr/project-workey/pkg/api/handler/auth.handler.go:39.15,48.2 1 1
github.com/fazilnbr/project-workey/pkg/api/handler/auth.handler.go:61.48,65.2 3 0
github.com/fazilnbr/project-workey/pkg/api/handler/auth.handler.go:93.51,95.2 1 0
github.com/fazilnbr/project-workey/pkg/api/handler/auth.handler.go:97.92,99.16 2 0
github.com/fazilnbr/project-workey/pkg/api/handler/auth.handler.go:102.2,111.12 10 0
github.com/fazilnbr/project-workey/pkg/api/handler/auth.handler.go:99.16,101.3 1 0
github.com/fazilnbr/project-workey/pkg/api/handler/auth.handler.go:115.59,119.33 3 0
github.com/fazilnbr/project-workey/pkg/api/handler/auth.handler.go:124.2,126.16 2 0
github.com/fazilnbr/project-workey/pkg/api/handler/auth.handler.go:119.33,122.3 2 0
github.com/fazilnbr/project-workey/pkg/api/handler/auth.handler.go:126.16,130.30 3 0
github.com/fazilnbr/project-workey/pkg/api/handler/auth.handler.go:130.30,132.4 1 0
github.com/fazilnbr/project-workey/pkg/api/handler/auth.handler.go:133.8,135.17 2 0
github.com/fazilnbr/project-workey/pkg/api/handler/auth.handler.go:138.3,139.17 2 0
github.com/fazilnbr/project-workey/pkg/api/handler/auth.handler.go:143.3,146.17 3 0
github.com/fazilnbr/project-workey/pkg/api/handler/auth.handler.go:150.3,160.28 4 0
github.com/fazilnbr/project-workey/pkg/api/handler/auth.handler.go:167.3,173.61 4 0
github.com/fazilnbr/project-workey/pkg/api/handler/auth.handler.go:211.3,211.9 1 0
github.com/fazilnbr/project-workey/pkg/api/handler/auth.handler.go:135.17,137.4 1 0
github.com/fazilnbr/project-workey/pkg/api/handler/auth.handler.go:139.17,142.4 2 0
github.com/fazilnbr/project-workey/pkg/api/handler/auth.handler.go:146.17,149.4 2 0
github.com/fazilnbr/project-workey/pkg/api/handler/auth.handler.go:160.28,166.4 5 0
github.com/fazilnbr/project-workey/pkg/api/handler/auth.handler.go:173.61,177.18 3 0
github.com/fazilnbr/project-workey/pkg/api/handler/auth.handler.go:184.4,188.18 3 0
github.com/fazilnbr/project-workey/pkg/api/handler/auth.handler.go:195.4,201.36 6 0
github.com/fazilnbr/project-workey/pkg/api/handler/auth.handler.go:177.18,183.5 5 0
github.com/fazilnbr/project-workey/pkg/api/handler/auth.handler.go:188.18,194.5 5 0
github.com/fazilnbr/project-workey/pkg/api/handler/auth.handler.go:203.9,209.4 5 0
github.com/fazilnbr/project-workey/pkg/api/handler/auth.handler.go:223.53,228.46 4 0
github.com/fazilnbr/project-workey/pkg/api/handler/auth.handler.go:235.2,237.9 3 0
github.com/fazilnbr/project-workey/pkg/api/handler/auth.handler.go:245.2,247.16 2 0
github.com/fazilnbr/project-workey/pkg/api/handler/auth.handler.go:255.2,259.34 5 0
github.com/fazilnbr/project-workey/pkg/api/handler/auth.handler.go:228.46,234.3 5 0
github.com/fazilnbr/project-workey/pkg/api/handler/auth.handler.go:237.9,243.3 5 0
github.com/fazilnbr/project-workey/pkg/api/handler/auth.handler.go:247.16,253.3 5 0
github.com/fazilnbr/project-workey/pkg/api/handler/auth.handler.go:272.51,277.16 3 0
github.com/fazilnbr/project-workey/pkg/api/handler/auth.handler.go:286.2,288.16 2 0
github.com/fazilnbr/project-workey/pkg/api/handler/auth.handler.go:297.2,300.16 3 0
github.com/fazilnbr/project-workey/pkg/api/handler/auth.handler.go:307.2,311.16 3 0
github.com/fazilnbr/project-workey/pkg/api/handler/auth.handler.go:318.2,328.34 8 0
github.com/fazilnbr/project-workey/pkg/api/handler/auth.handler.go:277.16,283.3 5 0
github.com/fazilnbr/project-workey/pkg/api/handler/auth.handler.go:288.16,295.3 5 0
github.com/fazilnbr/project-workey/pkg/api/handler/auth.handler.go:300.16,306.3 5 0
github.com/fazilnbr/project-workey/pkg/api/handler/auth.handler.go:311.16,317.3 5 0
github.com/fazilnbr/project-workey/pkg/api/handler/auth.handler.go:340.51,344.16 3 1
github.com/fazilnbr/project-workey/pkg/api/handler/auth.handler.go:351.2,353.16 2 1
github.com/fazilnbr/project-workey/pkg/api/handler/auth.handler.go:361.2,367.34 6 1
github.com/fazilnbr/project-workey/pkg/api/handler/auth.handler.go:344.16,350.3 5 0
github.com/fazilnbr/project-workey/pkg/api/handler/auth.handler.go:353.16,359.3 5 1
github.com/fazilnbr/project-workey/pkg/api/handler/auth.handler.go:378.50,383.16 3 0
github.com/fazilnbr/project-workey/pkg/api/handler/auth.handler.go:392.2,394.16 2 0
github.com/fazilnbr/project-workey/pkg/api/handler/auth.handler.go:403.2,406.16 3 0
github.com/fazilnbr/project-workey/pkg/api/handler/auth.handler.go:413.2,417.16 3 0
github.com/fazilnbr/project-workey/pkg/api/handler/auth.handler.go:424.2,433.34 8 0
github.com/fazilnbr/project-workey/pkg/api/handler/auth.handler.go:383.16,389.3 5 0
github.com/fazilnbr/project-workey/pkg/api/handler/auth.handler.go:394.16,401.3 5 0
github.com/fazilnbr/project-workey/pkg/api/handler/auth.handler.go:406.16,412.3 5 0
github.com/fazilnbr/project-workey/pkg/api/handler/auth.handler.go:417.16,423.3 5 0
github.com/fazilnbr/project-workey/pkg/api/handler/auth.handler.go:444.53,449.16 3 0
github.com/fazilnbr/project-workey/pkg/api/handler/auth.handler.go:457.2,459.16 2 0
github.com/fazilnbr/project-workey/pkg/api/handler/auth.handler.go:468.2,474.34 6 0
github.com/fazilnbr/project-workey/pkg/api/handler/auth.handler.go:449.16,455.3 5 0
github.com/fazilnbr/project-workey/pkg/api/handler/auth.handler.go:459.16,466.3 5 0
github.com/fazilnbr/project-workey/pkg/api/handler/auth.handler.go:485.52,489.16 3 0
github.com/fazilnbr/project-workey/pkg/api/handler/auth.handler.go:497.2,499.16 2 0
github.com/fazilnbr/project-workey/pkg/api/handler/auth.handler.go:508.2,512.16 3 0
github.com/fazilnbr/project-workey/pkg/api/handler/auth.handler.go:519.2,523.16 3 0
github.com/fazilnbr/project-workey/pkg/api/handler/auth.handler.go:530.2,540.34 8 0
github.com/fazilnbr/project-workey/pkg/api/handler/auth.handler.go:489.16,495.3 5 0
github.com/fazilnbr/project-workey/pkg/api/handler/auth.handler.go:499.16,506.3 5 0
github.com/fazilnbr/project-workey/pkg/api/handler/auth.handler.go:512.16,518.3 5 0
github.com/fazilnbr/project-workey/pkg/api/handler/auth.handler.go:523.16,529.3 5 0
github.com/fazilnbr/project-workey/pkg/api/handler/auth.handler.go:551.65,556.16 3 0
github.com/fazilnbr/project-workey/pkg/api/handler/auth.handler.go:560.2,560.16 1 0
github.com/fazilnbr/project-workey/pkg/api/handler/auth.handler.go:569.2,597.34 6 0
github.com/fazilnbr/project-workey/pkg/api/handler/auth.handler.go:556.16,558.3 1 0
github.com/fazilnbr/project-workey/pkg/api/handler/auth.handler.go:560.16,567.3 5 0
github.com/fazilnbr/project-workey/pkg/api/handler/auth.handler.go:609.58,612.83 3 0
github.com/fazilnbr/project-workey/pkg/api/handler/auth.handler.go:615.2,615.16 1 0
github.com/fazilnbr/project-workey/pkg/api/handler/auth.handler.go:619.2,619.67 1 0
github.com/fazilnbr/project-workey/pkg/api/handler/auth.handler.go:628.2,630.16 2 0
github.com/fazilnbr/project-workey/pkg/api/handler/auth.handler.go:639.2,642.34 4 0
github.com/fazilnbr/project-workey/pkg/api/handler/auth.handler.go:612.83,614.3 1 0
github.com/fazilnbr/project-workey/pkg/api/handler/auth.handler.go:615.16,618.3 2 0
github.com/fazilnbr/project-workey/pkg/api/handler/auth.handler.go:619.67,623.3 1 0
github.com/fazilnbr/project-workey/pkg/api/handler/auth.handler.go:623.8,626.3 2 0
github.com/fazilnbr/project-workey/pkg/api/handler/auth.handler.go:630.16,637.3 5 0
github.com/fazilnbr/project-workey/pkg/api/handler/auth.handler.go:653.67,658.16 3 0
github.com/fazilnbr/project-workey/pkg/api/handler/auth.handler.go:662.2,662.16 1 0
github.com/fazilnbr/project-workey/pkg/api/handler/auth.handler.go:671.2,676.34 6 0
github.com/fazilnbr/project-workey/pkg/api/handler/auth.handler.go:658.16,660.3 1 0
github.com/fazilnbr/project-workey/pkg/api/handler/auth.handler.go:662.16,669.3 5 0
github.com/fazilnbr/project-workey/pkg/api/handler/auth.handler.go:688.60,694.16 4 0
github.com/fazilnbr/project-workey/pkg/api/handler/auth.handler.go:703.2,706.34 4 0
github.com/fazilnbr/project-workey/pkg/api/handler/auth.handler.go:694.16,701.3 5 0
github.com/fazilnbr/project-workey/pkg/api/handler/auth.handler.go:719.49,726.2 5 0
github.com/fazilnbr/project-workey/pkg/api/handler/auth.handler.go:737.51,744.2 5 0
github.com/fazilnbr/project-workey/pkg/api/handler/auth.handler.go:754.50,761.2 5 0
github.com/fazilnbr/project-workey/pkg/api/handler/user.handler.go:20.67,24.2 1 0
github.com/fazilnbr/project-workey/pkg/api/handler/user.handler.go:35.55,42.16 4 0
github.com/fazilnbr/project-workey/pkg/api/handler/user.handler.go:50.2,52.16 2 0
github.com/fazilnbr/project-workey/pkg/api/handler/user.handler.go:61.2,64.34 4 0
github.com/fazilnbr/project-workey/pkg/api/handler/user.handler.go:42.16,48.3 5 0
github.com/fazilnbr/project-workey/pkg/api/handler/user.handler.go:52.16,59.3 5 0
github.com/fazilnbr/project-workey/pkg/api/handler/user.handler.go:76.56,81.16 4 0
github.com/fazilnbr/project-workey/pkg/api/handler/user.handler.go:89.2,91.16 2 0
github.com/fazilnbr/project-workey/pkg/api/handler/user.handler.go:100.2,103.34 4 0
github.com/fazilnbr/project-workey/pkg/api/handler/user.handler.go:81.16,87.3 5 0
github.com/fazilnbr/project-workey/pkg/api/handler/user.handler.go:91.16,98.3 5 0
github.com/fazilnbr/project-workey/pkg/api/handler/user.handler.go:115.59,122.16 4 0
github.com/fazilnbr/project-workey/pkg/api/handler/user.handler.go:130.2,132.16 2 0
github.com/fazilnbr/project-workey/pkg/api/handler/user.handler.go:140.2,142.16 2 0
github.com/fazilnbr/project-workey/pkg/api/handler/user.handler.go:151.2,156.34 6 0
github.com/fazilnbr/project-workey/pkg/api/handler/user.handler.go:122.16,128.3 5 0
github.com/fazilnbr/project-workey/pkg/api/handler/user.handler.go:132.16,139.3 5 0
github.com/fazilnbr/project-workey/pkg/api/handler/user.handler.go:142.16,149.3 5 0
github.com/fazilnbr/project-workey/pkg/api/handler/user.handler.go:169.59,181.16 5 0
github.com/fazilnbr/project-workey/pkg/api/handler/user.handler.go:190.2,201.34 5 0
github.com/fazilnbr/project-workey/pkg/api/handler/user.handler.go:181.16,188.3 5 0
github.com/fazilnbr/project-workey/pkg/api/handler/user.handler.go:215.61,228.16 6 0
github.com/fazilnbr/project-workey/pkg/api/handler/user.handler.go:237.2,248.34 5 0
github.com/fazilnbr/project-workey/pkg/api/handler/user.handler.go:228.16,235.3 5 0
github.com/fazilnbr/project-workey/pkg/api/handler/user.handler.go:260.58,265.16 4 0
github.com/fazilnbr/project-workey/pkg/api/handler/user.handler.go:272.2,276.16 3 0
github.com/fazilnbr/project-workey/pkg/api/handler/user.handler.go:285.2,288.34 4 0
github.com/fazilnbr/project-workey/pkg/api/handler/user.handler.go:265.16,271.3 5 0
github.com/fazilnbr/project-workey/pkg/api/handler/user.handler.go:276.16,283.3 5 0
github.com/fazilnbr/project-workey/pkg/api/handler/user.handler.go:301.53,314.16 6 0
github.com/fazilnbr/project-workey/pkg/api/handler/user.handler.go:323.2,334.34 5 0
github.com/fazilnbr/project-workey/pkg/api/handler/user.handler.go:314.16,321.3 5 0
github.com/fazilnbr/project-workey/pkg/api/handler/user.handler.go:346.55,353.16 4 0
github.com/fazilnbr/project-workey/pkg/api/handler/user.handler.go:361.2,364.16 3 0
github.com/fazilnbr/project-workey/pkg/api/handler/user.handler.go:373.2,376.34 4 0
github.com/fazilnbr/project-workey/pkg/api/handler/user.handler.go:353.16,359.3 5 0
github.com/fazilnbr/project-workey/pkg/api/handler/user.handler.go:364.16,371.3 5 0
github.com/fazilnbr/project-workey/pkg/api/handler/user.handler.go:387.56,392.16 3 0
github.com/fazilnbr/project-workey/pkg/api/handler/user.handler.go:401.2,404.34 4 0
github.com/fazilnbr/project-workey/pkg/api/handler/user.handler.go:392.16,399.3 5 0
github.com/fazilnbr/project-workey/pkg/api/handler/user.handler.go:416.54,422.16 4 0
github.com/fazilnbr/project-workey/pkg/api/handler/user.handler.go:431.2,434.34 4 0
github.com/fazilnbr/project-workey/pkg/api/handler/user.handler.go:422.16,429.3 5 0
github.com/fazilnbr/project-workey/pkg/api/handler/user.handler.go:446.59,451.16 4 0
github.com/fazilnbr/project-workey/pkg/api/handler/user.handler.go:458.2,462.16 3 0
github.com/fazilnbr/project-workey/pkg/api/handler/user.handler.go:471.2,474.34 4 0
github.com/fazilnbr/project-workey/pkg/api/handler/user.handler.go:451.16,457.3 5 0
github.com/fazilnbr/project-workey/pkg/api/handler/user.handler.go:462.16,469.3 5 0
github.com/fazilnbr/project-workey/pkg/api/handler/user.handler.go:486.57,496.16 4 0
github.com/fazilnbr/project-workey/pkg/api/handler/user.handler.go:505.2,508.34 4 0
github.com/fazilnbr/project-workey/pkg/api/handler/user.handler.go:496.16,503.3 5 0
github.com/fazilnbr/project-workey/pkg/api/handler/user.handler.go:521.57,534.16 6 0
github.com/fazilnbr/project-workey/pkg/api/handler/user.handler.go:543.2,554.34 5 0
github.com/fazilnbr/project-workey/pkg/api/handler/user.handler.go:534.16,541.3 5 0
github.com/fazilnbr/project-workey/pkg/api/handler/user.handler.go:566.59,575.16 4 0
github.com/fazilnbr/project-workey/pkg/api/handler/user.handler.go:584.2,587.34 4 0
github.com/fazilnbr/project-workey/pkg/api/handler/user.handler.go:575.16,582.3 5 0
github.com/fazilnbr/project-workey/pkg/api/handler/user.handler.go:599.60,608.16 4 0
github.com/fazilnbr/project-workey/pkg/api/handler/user.handler.go:617.2,620.34 4 0
github.com/fazilnbr/project-workey/pkg/api/handler/user.handler.go:608.16,615.3 5 0
github.com/fazilnbr/project-workey/pkg/api/handler/user.handler.go:632.53,641.16 4 0
github.com/fazilnbr/project-workey/pkg/api/handler/user.handler.go:651.2,662.16 4 0
github.com/fazilnbr/project-workey/pkg/api/handler/user.handler.go:666.2,682.16 6 0
github.com/fazilnbr/project-workey/pkg/api/handler/user.handler.go:698.2,698.57 1 0
github.com/fazilnbr/project-workey/pkg/api/handler/user.handler.go:641.16,648.3 5 0
github.com/fazilnbr/project-workey/pkg/api/handler/user.handler.go:662.16,664.3 1 0
github.com/fazilnbr/project-workey/pkg/api/handler/user.handler.go:682.16,689.3 5 0
github.com/fazilnbr/project-workey/pkg/api/handler/user.handler.go:702.56,712.16 4 0
github.com/fazilnbr/project-workey/pkg/api/handler/user.handler.go:723.2,727.16 3 0
github.com/fazilnbr/project-workey/pkg/api/handler/user.handler.go:741.2,741.57 1 0
github.com/fazilnbr/project-workey/pkg/api/handler/user.handler.go:712.16,721.3 2 0
github.com/fazilnbr/project-workey/pkg/api/handler/user.handler.go:727.16,734.3 5 0
github.com/fazilnbr/project-workey/pkg/api/handler/worker.handler.go:18.75,22.2 1 0
github.com/fazilnbr/project-workey/pkg/api/handler/worker.handler.go:33.59,39.16 4 0
github.com/fazilnbr/project-workey/pkg/api/handler/worker.handler.go:47.2,49.16 2 0
github.com/fazilnbr/project-workey/pkg/api/handler/worker.handler.go:58.2,61.34 4 0
github.com/fazilnbr/project-workey/pkg/api/handler/worker.handler.go:39.16,45.3 5 0
github.com/fazilnbr/project-workey/pkg/api/handler/worker.handler.go:49.16,56.3 5 0
github.com/fazilnbr/project-workey/pkg/api/handler/worker.handler.go:73.60,78.16 4 0
github.com/fazilnbr/project-workey/pkg/api/handler/worker.handler.go:86.2,88.16 2 0
github.com/fazilnbr/project-workey/pkg/api/handler/worker.handler.go:97.2,100.34 4 0
github.com/fazilnbr/project-workey/pkg/api/handler/worker.handler.go:78.16,84.3 5 0
github.com/fazilnbr/project-workey/pkg/api/handler/worker.handler.go:88.16,95.3 5 0
github.com/fazilnbr/project-workey/pkg/api/handler/worker.handler.go:112.63,119.16 4 0
github.com/fazilnbr/project-workey/pkg/api/handler/worker.handler.go:127.2,129.16 2 0
github.com/fazilnbr/project-workey/pkg/api/handler/worker.handler.go:137.2,139.16 2 0
github.com/fazilnbr/project-workey/pkg/api/handler/worker.handler.go:148.2,153.34 6 0
github.com/fazilnbr/project-workey/pkg/api/handler/worker.handler.go:119.16,125.3 5 0
github.com/fazilnbr/project-workey/pkg/api/handler/worker.handler.go:129.16,136.3 5 0
github.com/fazilnbr/project-workey/pkg/api/handler/worker.handler.go:139.16,146.3 5 0
github.com/fazilnbr/project-workey/pkg/api/handler/worker.handler.go:166.62,179.16 5 0
github.com/fazilnbr/project-workey/pkg/api/handler/worker.handler.go:195.2,200.34 5 0
github.com/fazilnbr/project-workey/pkg/api/handler/worker.handler.go:179.16,186.3 4 0
github.com/fazilnbr/project-workey/pkg/api/handler/worker.handler.go:212.49,218.16 4 0
github.com/fazilnbr/project-workey/pkg/api/handler/worker.handler.go:226.2,230.16 3 0
github.com/fazilnbr/project-workey/pkg/api/handler/worker.handler.go:239.2,242.34 4 0
github.com/fazilnbr/project-workey/pkg/api/handler/worker.handler.go:218.16,224.3 5 0
github.com/fazilnbr/project-workey/pkg/api/handler/worker.handler.go:230.16,237.3 5 0
github.com/fazilnbr/project-workey/pkg/api/handler/worker.handler.go:253.50,259.16 3 0
github.com/fazilnbr/project-workey/pkg/api/handler/worker.handler.go:268.2,271.34 3 0
github.com/fazilnbr/project-workey/pkg/api/handler/worker.handler.go:259.16,266.3 4 0
github.com/fazilnbr/project-workey/pkg/api/handler/worker.handler.go:283.52,289.16 3 0
github.com/fazilnbr/project-workey/pkg/api/handler/worker.handler.go:298.2,301.34 4 0
github.com/fazilnbr/project-workey/pkg/api/handler/worker.handler.go:289.16,296.3 5 0
github.com/fazilnbr/project-workey/pkg/api/handler/worker.handler.go:314.72,329.16 6 0
github.com/fazilnbr/project-workey/pkg/api/handler/worker.handler.go:346.2,351.34 5 0
github.com/fazilnbr/project-workey/pkg/api/handler/worker.handler.go:329.16,336.3 4 0
github.com/fazilnbr/project-workey/pkg/api/handler/worker.handler.go:364.73,379.16 6 0
github.com/fazilnbr/project-workey/pkg/api/handler/worker.handler.go:396.2,401.34 5 0
github.com/fazilnbr/project-workey/pkg/api/handler/worker.handler.go:379.16,386.3 4 0
github.com/fazilnbr/project-workey/pkg/api/handler/worker.handler.go:413.59,421.16 3 0
github.com/fazilnbr/project-workey/pkg/api/handler/worker.handler.go:430.2,433.34 4 0
github.com/fazilnbr/project-workey/pkg/api/handler/worker.handler.go:421.16,428.3 5 0
github.com/fazilnbr/project-workey/pkg/api/handler/worker.handler.go:445.59,453.16 3 0
github.com/fazilnbr/project-workey/pkg/api/handler/worker.handler.go:462.2,465.34 4 0
github.com/fazilnbr/project-workey/pkg/api/handler/worker.handler.go:453.16,460.3 5 0
